  animation.cpp
c:\workspace\playground\sfzg\inc\util.h(18): warning C4244: 'argument': conversion from 'time_t' to 'unsigned int', possible loss of data
src\animation.cpp(21): warning C4244: 'initializing': conversion from 'sf::Int32' to 'float', possible loss of data
src\animation.cpp(23): warning C4244: 'argument': conversion from 'float' to 'sf::Uint8', possible loss of data
  enemy.cpp
C:\workspace\playground\sfzg\inc\util.h(18): warning C4244: 'argument': conversion from 'time_t' to 'unsigned int', possible loss of data
src\enemy.cpp(72): warning C4244: 'argument': conversion from 'float' to 'int', possible loss of data
  enemy_manager.cpp
c:\workspace\playground\sfzg\inc\util.h(18): warning C4244: 'argument': conversion from 'time_t' to 'unsigned int', possible loss of data
  enemy_wave.cpp
c:\workspace\playground\sfzg\inc\util.h(18): warning C4244: 'argument': conversion from 'time_t' to 'unsigned int', possible loss of data
src\enemy_wave.cpp(138): warning C4244: '=': conversion from 'unsigned int' to 'float', possible loss of data
  game.cpp
c:\workspace\playground\sfzg\inc\util.h(18): warning C4244: 'argument': conversion from 'time_t' to 'unsigned int', possible loss of data
src\game.cpp(85): warning C4018: '<': signed/unsigned mismatch
  game_loop.cpp
c:\workspace\playground\sfzg\inc\util.h(18): warning C4244: 'argument': conversion from 'time_t' to 'unsigned int', possible loss of data
src\game_loop.cpp(48): warning C4244: 'initializing': conversion from 'sf::Int32' to 'float', possible loss of data
src\game_loop.cpp(49): warning C4305: 'argument': truncation from 'double' to 'float'
src\game_loop.cpp(63): warning C4305: 'argument': truncation from 'double' to 'float'
src\game_loop.cpp(63): warning C4244: 'argument': conversion from 'float' to 'sf::Int32', possible loss of data
  game_state.cpp
c:\workspace\playground\sfzg\inc\util.h(18): warning C4244: 'argument': conversion from 'time_t' to 'unsigned int', possible loss of data
src\game_state.cpp(60): warning C4018: '<': signed/unsigned mismatch
src\game_state.cpp(72): warning C4018: '<': signed/unsigned mismatch
src\game_state.cpp(110): warning C4018: '<': signed/unsigned mismatch
  hud.cpp
c:\workspace\playground\sfzg\inc\util.h(18): warning C4244: 'argument': conversion from 'time_t' to 'unsigned int', possible loss of data
  laser.cpp
c:\workspace\playground\sfzg\inc\util.h(18): warning C4244: 'argument': conversion from 'time_t' to 'unsigned int', possible loss of data
C:\workspace\playground\sfzg\inc\unique_ptr.h(30): warning C4521: 'UniquePtr<Vector>': multiple copy constructors specified
  src\laser.cpp(8): note: see reference to class template instantiation 'UniquePtr<Vector>' being compiled
src\laser.cpp(174): warning C4244: 'argument': conversion from 'int' to 'float', possible loss of data
  main.cpp
c:\workspace\playground\sfzg\inc\util.h(18): warning C4244: 'argument': conversion from 'time_t' to 'unsigned int', possible loss of data
  mediator.cpp
  pistol.cpp
c:\workspace\playground\sfzg\inc\util.h(18): warning C4244: 'argument': conversion from 'time_t' to 'unsigned int', possible loss of data
src\pistol.cpp(101): warning C4244: '-=': conversion from 'double' to 'float', possible loss of data
  player.cpp
c:\workspace\playground\sfzg\inc\util.h(18): warning C4244: 'argument': conversion from 'time_t' to 'unsigned int', possible loss of data
src\player.cpp(21): warning C4244: 'argument': conversion from 'float' to 'int', possible loss of data
src\player.cpp(73): warning C4244: 'argument': conversion from 'float' to 'int', possible loss of data
  sprite.cpp
c:\workspace\playground\sfzg\inc\util.h(18): warning C4244: 'argument': conversion from 'time_t' to 'unsigned int', possible loss of data
src\sprite.cpp(11): warning C4244: 'argument': conversion from 'int' to 'float', possible loss of data
src\sprite.cpp(27): warning C4244: 'argument': conversion from 'int' to 'float', possible loss of data
  util.cpp
C:\workspace\playground\sfzg\inc\util.h(18): warning C4244: 'argument': conversion from 'time_t' to 'unsigned int', possible loss of data
  Generating code
  All 1420 functions were compiled because no usable IPDB/IOBJ from previous compilation was found.
  Finished generating code
  sfzg.vcxproj -> C:\workspace\playground\sfzg\Release\sfzg.exe
  sfzg.vcxproj -> C:\workspace\playground\sfzg\Release\sfzg.pdb (Full PDB)
